
> react-scripted-app@1.0.0 start /
> react-scripts start

Starting the development server...

Failed to compile.

Module not found: Error: Can't resolve './images/SalamanderImage' in '/src'
ERROR in ./src/App.jsx 9:0-44
Module not found: Error: Can't resolve './images/SalamanderImage' in '/src'

ERROR in ./src/Landing.jsx 7:0-42
Module not found: Error: Can't resolve './images/UploadImage' in '/src'

ERROR in ./src/SvgGenerator.jsx 4:0-40
Module not found: Error: Can't resolve './images/icons.json' in '/src'

ERROR in ./src/global.css (./node_modules/css-loader/dist/cjs.js??ruleSet[1].rules[1].oneOf[5].use[1]!./node_modules/postcss-loader/dist/cjs.js??ruleSet[1].rules[1].oneOf[5].use[2]!./node_modules/source-map-loader/dist/cjs.js!./src/global.css) 5:36-93
Module not found: Error: Can't resolve '../public/din_fonts/D-DIN.otf' in '/src'

webpack compiled with 4 errors
Compiling...
Failed to compile.

Module not found: Error: Can't resolve './images/SalamanderImage' in '/src'
ERROR in ./src/App.jsx 9:0-44
Module not found: Error: Can't resolve './images/SalamanderImage' in '/src'

ERROR in ./src/Landing.jsx 7:0-42
Module not found: Error: Can't resolve './images/UploadImage' in '/src'

ERROR in ./src/SvgGenerator.jsx 4:0-40
Module not found: Error: Can't resolve './images/icons.json' in '/src'

ERROR in ./src/global.css (./node_modules/css-loader/dist/cjs.js??ruleSet[1].rules[1].oneOf[5].use[1]!./node_modules/postcss-loader/dist/cjs.js??ruleSet[1].rules[1].oneOf[5].use[2]!./node_modules/source-map-loader/dist/cjs.js!./src/global.css) 5:36-93
Module not found: Error: Can't resolve '../public/din_fonts/D-DIN.otf' in '/src'

webpack compiled with 4 errors

> react-scripted-app@1.0.0 start /
> react-scripts start

Starting the development server...

Failed to compile.

Module not found: Error: Can't resolve './images/SalamanderImage' in '/src'
ERROR in ./src/App.jsx 9:0-44
Module not found: Error: Can't resolve './images/SalamanderImage' in '/src'

ERROR in ./src/Landing.jsx 7:0-42
Module not found: Error: Can't resolve './images/UploadImage' in '/src'

ERROR in ./src/SvgGenerator.jsx 4:0-40
Module not found: Error: Can't resolve './images/icons.json' in '/src'

ERROR in ./src/global.css (./node_modules/css-loader/dist/cjs.js??ruleSet[1].rules[1].oneOf[5].use[1]!./node_modules/postcss-loader/dist/cjs.js??ruleSet[1].rules[1].oneOf[5].use[2]!./node_modules/source-map-loader/dist/cjs.js!./src/global.css) 5:36-93
Module not found: Error: Can't resolve '../public/din_fonts/D-DIN.otf' in '/src'

webpack compiled with 4 errors
